
================================================================================
Processing PR #1701 from repository MontrealAI/AGI-Alpha-Agent-v0 (Index: 184)
Repository AGI-Alpha-Agent-v0 already cloned.

-------------------------------
Base SHA: 73ebfa76c6146b2dca270edbb4eebb196954f835, Merged SHA: c6809c7106212ed84ca60eb3d020c7fcbc45a80a
Project PR_AGI-Alpha-Agent-v0_1701 already exists. Deleting it...

---------------------------------
Checked out to branch base_1701 at 73ebfa76c6146b2dca270edbb4eebb196954f835
Analysis of base commit completed.

Checked out to branch merged_1701 at c6809c7106212ed84ca60eb3d020c7fcbc45a80a
Analysis of merged commit completed.


================================================================================
Processing PR #385 from repository roboflow/roboflow-python (Index: 185)

-------------------------------
Base SHA: dd2ccdf85678a032837fe2ab23f87d5e7f1bbd24, Merged SHA: c570d22d27183100af07e3a0eb206e374de7ead5
Project PR_roboflow-python_385 already exists. Deleting it...

---------------------------------
Checked out to branch base_385 at dd2ccdf85678a032837fe2ab23f87d5e7f1bbd24
Analysis of base commit completed.

Checked out to branch merged_385 at c570d22d27183100af07e3a0eb206e374de7ead5
Analysis of merged commit completed.


================================================================================
Processing PR #8318 from repository stanfordnlp/dspy (Index: 186)
Repository dspy already cloned.

-------------------------------
Base SHA: 9f24553554dc24b486bcba59a87ccd9979f21a14, Merged SHA: cc78b46495629b2825d301adfc5c36c6cba9980c
Project PR_dspy_8318 already exists. Deleting it...

---------------------------------
Checked out to branch base_8318 at 9f24553554dc24b486bcba59a87ccd9979f21a14
Analysis of base commit completed.

Checked out to branch merged_8318 at cc78b46495629b2825d301adfc5c36c6cba9980c
Analysis of merged commit completed.


================================================================================
Processing PR #3424 from repository MontrealAI/AGI-Alpha-Agent-v0 (Index: 187)
Repository AGI-Alpha-Agent-v0 already cloned.

-------------------------------
Base SHA: ea8933c782ac69a201f2cad68259c4e96ab237d1, Merged SHA: f35a2551a15f7eeaa094695c91bde7b86152035a
Project PR_AGI-Alpha-Agent-v0_3424 already exists. Deleting it...

---------------------------------
Checked out to branch base_3424 at ea8933c782ac69a201f2cad68259c4e96ab237d1
Analysis of base commit completed.

Checked out to branch merged_3424 at f35a2551a15f7eeaa094695c91bde7b86152035a
Analysis of merged commit completed.


================================================================================
Processing PR #3425 from repository MontrealAI/AGI-Alpha-Agent-v0 (Index: 188)
Repository AGI-Alpha-Agent-v0 already cloned.

-------------------------------
Base SHA: f35a2551a15f7eeaa094695c91bde7b86152035a, Merged SHA: 04bfd6e299882e4583d0cd0fdeb10cc65fd945f8
Project PR_AGI-Alpha-Agent-v0_3425 already exists. Deleting it...

---------------------------------
Checked out to branch base_3425 at f35a2551a15f7eeaa094695c91bde7b86152035a
Analysis of base commit completed.

Checked out to branch merged_3425 at 04bfd6e299882e4583d0cd0fdeb10cc65fd945f8
Analysis of merged commit completed.


================================================================================
Processing PR #3428 from repository MontrealAI/AGI-Alpha-Agent-v0 (Index: 189)
Repository AGI-Alpha-Agent-v0 already cloned.

-------------------------------
Base SHA: f0cbc311780fdad08e0c1d8f75a84cdac65e1efe, Merged SHA: ab108e8d1bc49d320f9b294ed72c436f633c5414
Project PR_AGI-Alpha-Agent-v0_3428 already exists. Deleting it...

---------------------------------
Checked out to branch base_3428 at f0cbc311780fdad08e0c1d8f75a84cdac65e1efe
Analysis of base commit completed.

Checked out to branch merged_3428 at ab108e8d1bc49d320f9b294ed72c436f633c5414
Analysis of merged commit completed.


================================================================================
Processing PR #3429 from repository MontrealAI/AGI-Alpha-Agent-v0 (Index: 190)
Repository AGI-Alpha-Agent-v0 already cloned.

-------------------------------
Base SHA: ab108e8d1bc49d320f9b294ed72c436f633c5414, Merged SHA: b14e50202d82531fc44c9879a530ec55301571b4
Project PR_AGI-Alpha-Agent-v0_3429 already exists. Deleting it...

---------------------------------
Checked out to branch base_3429 at ab108e8d1bc49d320f9b294ed72c436f633c5414
Analysis of base commit completed.

Checked out to branch merged_3429 at b14e50202d82531fc44c9879a530ec55301571b4
Analysis of merged commit completed.


================================================================================
Processing PR #232 from repository wwood/singlem (Index: 191)

-------------------------------
Base SHA: c70b5546793270293752e98bb75cbd4c218fd17a, Merged SHA: 191001a87c3d03a1bec342f850eccf0802f59884
Project PR_singlem_232 already exists. Deleting it...

---------------------------------
Checked out to branch base_232 at c70b5546793270293752e98bb75cbd4c218fd17a
Analysis of base commit completed.

Checked out to branch merged_232 at 191001a87c3d03a1bec342f850eccf0802f59884
Analysis of merged commit completed.


================================================================================
Processing PR #1177 from repository MontrealAI/AGI-Alpha-Agent-v0 (Index: 192)
Repository AGI-Alpha-Agent-v0 already cloned.

-------------------------------
Base SHA: 013fdffdc96b3ba163142721e63fa112d4aa2efb, Merged SHA: b60c61e2423da7d2d12454461f123f99de7f40d2
Project PR_AGI-Alpha-Agent-v0_1177 already exists. Deleting it...

---------------------------------
Checked out to branch base_1177 at 013fdffdc96b3ba163142721e63fa112d4aa2efb
Analysis of base commit completed.

Checked out to branch merged_1177 at b60c61e2423da7d2d12454461f123f99de7f40d2
Analysis of merged commit completed.


================================================================================
Processing PR #942 from repository MontrealAI/AGI-Alpha-Agent-v0 (Index: 193)
Repository AGI-Alpha-Agent-v0 already cloned.

-------------------------------
Base SHA: 5a9b504a2fe36f46975fa7629cc9481e1724b92f, Merged SHA: b62a70dfcf6302254e06299d8d659c5119723f40
Project PR_AGI-Alpha-Agent-v0_942 already exists. Deleting it...

---------------------------------
Checked out to branch base_942 at 5a9b504a2fe36f46975fa7629cc9481e1724b92f
Analysis of base commit completed.

Checked out to branch merged_942 at b62a70dfcf6302254e06299d8d659c5119723f40
Analysis of merged commit completed.


================================================================================
Processing PR #2565 from repository MontrealAI/AGI-Alpha-Agent-v0 (Index: 194)
Repository AGI-Alpha-Agent-v0 already cloned.

-------------------------------
Base SHA: 0c55b7b50da1a79bd67d841a05e72ec62e9b7355, Merged SHA: abfc9eb56515dea0ce443ee4da3cad8c3c7355fb
Project PR_AGI-Alpha-Agent-v0_2565 already exists. Deleting it...

---------------------------------
Checked out to branch base_2565 at 0c55b7b50da1a79bd67d841a05e72ec62e9b7355
Analysis of base commit completed.

Checked out to branch merged_2565 at abfc9eb56515dea0ce443ee4da3cad8c3c7355fb
Analysis of merged commit completed.


================================================================================
Processing PR #537 from repository PyLabRobot/pylabrobot (Index: 195)

-------------------------------
Base SHA: 22d2c20bc7d6ab1f59b8b3dd20a71d380b04fce0, Merged SHA: 64971a2eb48445e37c7e800fc029b96c1272caa6
Project PR_pylabrobot_537 already exists. Deleting it...

---------------------------------
Checked out to branch base_537 at 22d2c20bc7d6ab1f59b8b3dd20a71d380b04fce0
Analysis of base commit completed.

Checked out to branch merged_537 at 64971a2eb48445e37c7e800fc029b96c1272caa6
Analysis of merged commit completed.


================================================================================
Processing PR #541 from repository PyLabRobot/pylabrobot (Index: 196)
Repository pylabrobot already cloned.

-------------------------------
Base SHA: 7abb0dd959bd7eec634e0ce7943e76dc53a0e52e, Merged SHA: 4005cf0d2df75dae494e2109cba3a6c9e665179e
Project PR_pylabrobot_541 already exists. Deleting it...

---------------------------------
Checked out to branch base_541 at 7abb0dd959bd7eec634e0ce7943e76dc53a0e52e
Analysis of base commit completed.

Checked out to branch merged_541 at 4005cf0d2df75dae494e2109cba3a6c9e665179e
Analysis of merged commit completed.


================================================================================
Processing PR #8 from repository smat-dev/jinni (Index: 197)

-------------------------------
Base SHA: a0c977cee96b1b3e7ccbffdce607e422420ceb20, Merged SHA: 275389c101ef982efde22ed9db14c43321655010
Project PR_jinni_8 already exists. Deleting it...

---------------------------------
Checked out to branch base_8 at a0c977cee96b1b3e7ccbffdce607e422420ceb20
Analysis of base commit completed.

Checked out to branch merged_8 at 275389c101ef982efde22ed9db14c43321655010
Analysis of merged commit completed.


================================================================================
Processing PR #60 from repository MontrealAI/AGI-Alpha-Agent-v0 (Index: 198)
Repository AGI-Alpha-Agent-v0 already cloned.

-------------------------------
Base SHA: 59abf1e252e666d05cc0b3f94ecf6c55a00ceafd, Merged SHA: e70b459d3b0c1e9ba0c70f1c074af13dc8ec1fd6
Project PR_AGI-Alpha-Agent-v0_60 already exists. Deleting it...

---------------------------------
Checked out to branch base_60 at 59abf1e252e666d05cc0b3f94ecf6c55a00ceafd
Analysis of base commit completed.

Checked out to branch merged_60 at e70b459d3b0c1e9ba0c70f1c074af13dc8ec1fd6
Analysis of merged commit completed.


================================================================================
Processing PR #25 from repository osori/korean-romanizer (Index: 199)

-------------------------------
Base SHA: 763da9c9d49e904a156d3257f96d5b0e067ce94f, Merged SHA: 3e3533cef8098fda89a3ca8a923d9c149ea1a945
Project PR_korean-romanizer_25 already exists. Deleting it...

---------------------------------
Checked out to branch base_25 at 763da9c9d49e904a156d3257f96d5b0e067ce94f
Analysis of base commit completed.

Checked out to branch merged_25 at 3e3533cef8098fda89a3ca8a923d9c149ea1a945
Analysis of merged commit completed.


================================================================================
Processing PR #744 from repository hsahovic/poke-env (Index: 200)

-------------------------------
Base SHA: 0ea744ae8ca855e015079d134be383041d311a18, Merged SHA: 6923f1cac584a51d408f7db90864c6b0ddb5a1d8
Project PR_poke-env_744 already exists. Deleting it...

---------------------------------
Checked out to branch base_744 at 0ea744ae8ca855e015079d134be383041d311a18
Analysis of base commit completed.

Checked out to branch merged_744 at 6923f1cac584a51d408f7db90864c6b0ddb5a1d8
Analysis of merged commit completed.


================================================================================
Processing PR #2469 from repository MontrealAI/AGI-Alpha-Agent-v0 (Index: 201)
Repository AGI-Alpha-Agent-v0 already cloned.

-------------------------------
Base SHA: b01a2f550d8a2118fdd01297959fe664f2dea53d, Merged SHA: f5c78d8a22231d409879a2ea0fede274617ef557
Project PR_AGI-Alpha-Agent-v0_2469 already exists. Deleting it...

---------------------------------
Checked out to branch base_2469 at b01a2f550d8a2118fdd01297959fe664f2dea53d
Analysis of base commit completed.

Checked out to branch merged_2469 at f5c78d8a22231d409879a2ea0fede274617ef557
Analysis of merged commit completed.


================================================================================
Processing PR #2471 from repository MontrealAI/AGI-Alpha-Agent-v0 (Index: 202)
Repository AGI-Alpha-Agent-v0 already cloned.

-------------------------------
Base SHA: 24e40b3296e55b53eda93996d8bfca8b1a19dcaf, Merged SHA: 60d5e03b4d548febd7bb913b68d7895a7c9246dc
Project PR_AGI-Alpha-Agent-v0_2471 already exists. Deleting it...

---------------------------------
Checked out to branch base_2471 at 24e40b3296e55b53eda93996d8bfca8b1a19dcaf
Analysis of base commit completed.

Checked out to branch merged_2471 at 60d5e03b4d548febd7bb913b68d7895a7c9246dc
Analysis of merged commit completed.

